  2024-02-18 14:44:54 App\Jobs\ImportCsv ............................. RUNNING
  2024-02-18 14:44:54 App\Jobs\ImportCsv ............................. RUNNING
  2024-02-18 14:44:54 App\Jobs\ImportCsv  2024-02-18 14:44:54 App\Jobs\ImportCsv  2024-02-18 14:44:54 App\Jobs\ImportCsv  2024-02-18 14:44:54 App\Jobs\ImportCsv  2024-02-18 14:44:54 App\Jobs\ImportCsv  2024-02-18 14:44:54 App\Jobs\ImportCsv ............................. RUNNING
 ............................. RUNNING
 ............................. RUNNING
 ............................. RUNNING
 ............................. RUNNING
  2024-02-18 14:44:54 App\Jobs\ImportCsv ............................. RUNNING
 ........................ 87.48ms FAIL
  2024-02-18 14:44:55 App\Jobs\ImportCsv ............................. RUNNING
  2024-02-18 14:45:00 App\Jobs\ImportCsv  2024-02-18 14:45:00 App\Jobs\ImportCsv ............................. 5s DONE
 ............................. 5s DONE
  2024-02-18 14:45:00 App\Jobs\ImportCsv  2024-02-18 14:45:00 App\Jobs\ImportCsv ............................. 5s DONE
 ............................. 5s DONE
  2024-02-18 14:45:00 App\Jobs\ImportCsv  2024-02-18 14:45:00 App\Jobs\ImportCsv ............................. RUNNING
 ............................. RUNNING
  2024-02-18 14:45:00 App\Jobs\ImportCsv  2024-02-18 14:45:00 App\Jobs\ImportCsv ............................. 6s DONE
  2024-02-18 14:45:00 App\Jobs\ImportCsv  2024-02-18 14:45:00 App\Jobs\ImportCsv  2024-02-18 14:45:00 App\Jobs\ImportCsv ............................. 6s DONE
 ............................. ............................. RUNNING
 RUNNING
 ............................. 6s DONE
  2024-02-18 14:45:00 App\Jobs\ImportCsv ............................. RUNNING
  2024-02-18 14:45:00 App\Jobs\ImportCsv  2024-02-18 14:45:00 App\Jobs\ImportCsv ............................. RUNNING
 ............................. RUNNING
  2024-02-18 14:45:01 App\Jobs\ImportCsv ............................. 6s DONE
  2024-02-18 14:45:01 App\Jobs\ImportCsv ............................. RUNNING
  2024-02-18 14:45:06 App\Jobs\ImportCsv  2024-02-18 14:45:06 App\Jobs\ImportCsv ............................. 6s DONE
  2024-02-18 14:45:06 App\Jobs\ImportCsv ............................. 6s DONE
 ............................. 6s DONE
  2024-02-18 14:45:07 App\Jobs\ImportCsv ............................. RUNNING
  2024-02-18 14:45:07 App\Jobs\ImportCsv ............................. RUNNING
  2024-02-18 14:45:07 App\Jobs\ImportCsv  2024-02-18 14:45:07 App\Jobs\ImportCsv  2024-02-18 14:45:07 App\Jobs\ImportCsv ............................. 6s DONE
 ............................. 6s DONE
 ............................. RUNNING
  2024-02-18 14:45:07 App\Jobs\ImportCsv ............................. RUNNING
  2024-02-18 14:45:07 App\Jobs\ImportCsv  2024-02-18 14:45:07 App\Jobs\ImportCsv  2024-02-18 14:45:07 App\Jobs\ImportCsv ............................. RUNNING
 ............................. ............................. 6s DONE
 6s DONE
  2024-02-18 14:45:07 App\Jobs\ImportCsv ............................. RUNNING
  2024-02-18 14:45:07 App\Jobs\ImportCsv ............................. RUNNING
  2024-02-18 14:45:07 App\Jobs\ImportCsv ............................. 6s DONE
  2024-02-18 14:45:07 App\Jobs\ImportCsv ............................. RUNNING
  2024-02-18 14:45:12 App\Jobs\ImportCsv ............................. 5s DONE
  2024-02-18 14:45:12 App\Jobs\ImportCsv ............................. 5s  2024-02-18 14:45:12 App\Jobs\ImportCsv DONE
 ............................. 5s DONE
  2024-02-18 14:45:12 App\Jobs\ImportCsv ............................. RUNNING
  2024-02-18 14:45:12 App\Jobs\ImportCsv ............................. RUNNING
  2024-02-18 14:45:12 App\Jobs\ImportCsv ............................. RUNNING
  2024-02-18 14:45:12 App\Jobs\ImportCsv ............................. 5s DONE
  2024-02-18 14:45:13 App\Jobs\ImportCsv ............................. RUNNING
  2024-02-18 14:45:13 App\Jobs\ImportCsv ............................. 5s DONE
  2024-02-18 14:45:13 App\Jobs\ImportCsv ............................. RUNNING
  2024-02-18 14:45:13 App\Jobs\ImportCsv ............................. 6s DONE
  2024-02-18 14:45:13 App\Jobs\ImportCsv ............................. RUNNING
  2024-02-18 14:45:13 App\Jobs\ImportCsv ............................. 6s DONE
  2024-02-18 14:45:13 App\Jobs\ImportCsv ............................. RUNNING
  2024-02-18 14:45:13 App\Jobs\ImportCsv ............................. 6s DONE
  2024-02-18 14:45:13 App\Jobs\ImportCsv ............................. RUNNING
  2024-02-18 14:45:28 App\Jobs\ImportCsv ............................ 15s DONE
  2024-02-18 14:45:28 App\Jobs\ImportCsv ............................. RUNNING
  2024-02-18 14:45:28 App\Jobs\ImportCsv ............................ 16s DONE
  2024-02-18 14:45:29 App\Jobs\ImportCsv ............................ 16s DONE
  2024-02-18 14:45:29 App\Jobs\ImportCsv ............................. RUNNING
  2024-02-18 14:45:29 App\Jobs\ImportCsv  2024-02-18 14:45:29 App\Jobs\ImportCsv ............................. RUNNING
 ............................ 16s DONE
  2024-02-18 14:45:29 App\Jobs\ImportCsv ............................. RUNNING
  2024-02-18 14:45:29 App\Jobs\ImportCsv  2024-02-18 14:45:29 App\Jobs\ImportCsv ............................ 16s DONE
 ............................ 16s DONE
  2024-02-18 14:45:29 App\Jobs\ImportCsv ............................. RUNNING
  2024-02-18 14:45:29 App\Jobs\ImportCsv ............................. RUNNING
  2024-02-18 14:45:30 App\Jobs\ImportCsv ............................ 16s DONE
  2024-02-18 14:45:32 App\Jobs\ImportCsv ............................. RUNNING
  2024-02-18 14:45:33 App\Jobs\ImportCsv ............................ 19s DONE
  2024-02-18 14:45:34 App\Jobs\ImportCsv ............................. RUNNING
  2024-02-18 14:45:45 App\Jobs\ImportCsv  2024-02-18 14:45:45 App\Jobs\ImportCsv ............................ 15s DONE
 ............................ 16s DONE
  2024-02-18 14:45:45 App\Jobs\ImportCsv ............................. RUNNING
  2024-02-18 14:45:45 App\Jobs\ImportCsv ............................. RUNNING
  2024-02-18 14:45:45 App\Jobs\ImportCsv ............................ 15s DONE
  2024-02-18 14:45:45 App\Jobs\ImportCsv  2024-02-18 14:45:45 App\Jobs\ImportCsv ............................. RUNNING
 ............................ 15s DONE
  2024-02-18 14:45:45 App\Jobs\ImportCsv ............................. RUNNING
  2024-02-18 14:45:45 App\Jobs\ImportCsv ............................ 15s DONE
  2024-02-18 14:45:45 App\Jobs\ImportCsv ............................ 13s DONE
  2024-02-18 14:45:45 App\Jobs\ImportCsv ............................. RUNNING
  2024-02-18 14:45:45 App\Jobs\ImportCsv ............................ 16s DONE
  2024-02-18 14:45:45 App\Jobs\ImportCsv  2024-02-18 14:45:45 App\Jobs\ImportCsv ............................. ............................. RUNNING
 RUNNING
  2024-02-18 14:45:45 App\Jobs\ImportCsv ............................ 11s DONE
  2024-02-18 14:45:46 App\Jobs\ImportCsv ............................. RUNNING
  2024-02-18 14:45:51 App\Jobs\ImportCsv ............................. 6s DONE
  2024-02-18 14:45:51 App\Jobs\ImportCsv  2024-02-18 14:45:51 App\Jobs\ImportCsv ............................. RUNNING
 ............................. 6s DONE
  2024-02-18 14:45:51 App\Jobs\ImportCsv ............................. RUNNING
  2024-02-18 14:45:51 App\Jobs\ImportCsv ............................. 6s DONE
  2024-02-18 14:45:51 App\Jobs\ImportCsv ............................. RUNNING
  2024-02-18 14:45:51 App\Jobs\ImportCsv  2024-02-18 14:45:52 App\Jobs\ImportCsv ............................. 6s DONE
 ............................. 6s DONE
  2024-02-18 14:45:52 App\Jobs\ImportCsv ............................. RUNNING
  2024-02-18 14:45:52 App\Jobs\ImportCsv  2024-02-18 14:45:52 App\Jobs\ImportCsv ............................. 6s DONE
 ............................. RUNNING
  2024-02-18 14:45:52 App\Jobs\ImportCsv ............................. RUNNING
  2024-02-18 14:45:52 App\Jobs\ImportCsv  2024-02-18 14:45:52 App\Jobs\ImportCsv ............................. 6s DONE
 ............................. 6s DONE
  2024-02-18 14:45:52 App\Jobs\ImportCsv ............................. RUNNING
  2024-02-18 14:45:52 App\Jobs\ImportCsv ............................. RUNNING
  2024-02-18 14:45:57 App\Jobs\ImportCsv ............................. 6s DONE
  2024-02-18 14:45:57 App\Jobs\ImportCsv ............................. RUNNING
  2024-02-18 14:45:58 App\Jobs\ImportCsv ............................. 6s DONE
  2024-02-18 14:45:58 App\Jobs\ImportCsv  2024-02-18 14:45:58 App\Jobs\ImportCsv ............................. ............................. RUNNING
 6s DONE
  2024-02-18 14:45:58 App\Jobs\ImportCsv ............................. RUNNING
  2024-02-18 14:45:58 App\Jobs\ImportCsv ............................. 6s DONE
  2024-02-18 14:45:58 App\Jobs\ImportCsv ............................. 6s DONE
  2024-02-18 14:45:58 App\Jobs\ImportCsv ............................. RUNNING
  2024-02-18 14:45:58 App\Jobs\ImportCsv ............................. RUNNING
  2024-02-18 14:45:58 App\Jobs\ImportCsv ............................. 6s DONE
  2024-02-18 14:45:58 App\Jobs\ImportCsv  2024-02-18 14:45:58 App\Jobs\ImportCsv ............................. 6s DONE
 ............................. RUNNING
  2024-02-18 14:45:58 App\Jobs\ImportCsv ............................. RUNNING
  2024-02-18 14:45:59 App\Jobs\ImportCsv ............................. 6s DONE
  2024-02-18 14:45:59 App\Jobs\ImportCsv ............................. RUNNING
  2024-02-18 14:46:08 App\Jobs\ImportCsv ............................ 10s DONE
  2024-02-18 14:46:08 App\Jobs\ImportCsv ............................. RUNNING
  2024-02-18 14:46:08 App\Jobs\ImportCsv  2024-02-18 14:46:08 App\Jobs\ImportCsv ............................ 10s DONE
  2024-02-18 14:46:08 App\Jobs\ImportCsv ............................ 10s DONE
  2024-02-18 14:46:08 App\Jobs\ImportCsv ............................ 10s DONE
  2024-02-18 14:46:08 App\Jobs\ImportCsv ............................. RUNNING
 ............................ 10s DONE
  2024-02-18 14:46:08 App\Jobs\ImportCsv ............................. RUNNING
  2024-02-18 14:46:08 App\Jobs\ImportCsv  2024-02-18 14:46:08 App\Jobs\ImportCsv ............................. RUNNING
 ............................. RUNNING
  2024-02-18 14:46:09 App\Jobs\ImportCsv ............................ 10s DONE
  2024-02-18 14:46:09 App\Jobs\ImportCsv ............................. RUNNING
  2024-02-18 14:46:09 App\Jobs\ImportCsv ............................ 10s DONE
  2024-02-18 14:46:09 App\Jobs\ImportCsv ............................. RUNNING
  2024-02-18 14:46:09 App\Jobs\ImportCsv ............................ 10s DONE
  2024-02-18 14:46:09 App\Jobs\ImportCsv ............................. RUNNING
  2024-02-18 14:46:17 App\Jobs\ImportCsv ............................. 9s DONE
  2024-02-18 14:46:18 App\Jobs\ImportCsv ............................. RUNNING
  2024-02-18 14:46:18 App\Jobs\ImportCsv ............................. 9s DONE
  2024-02-18 14:46:18 App\Jobs\ImportCsv ............................. RUNNING
  2024-02-18 14:46:18 App\Jobs\ImportCsv ............................ 10s DONE
  2024-02-18 14:46:18 App\Jobs\ImportCsv  2024-02-18 14:46:18 App\Jobs\ImportCsv ............................ ............................ 10s 10s DONE
 DONE
  2024-02-18 14:46:19 App\Jobs\ImportCsv ............................. RUNNING
  2024-02-18 14:46:19 App\Jobs\ImportCsv  2024-02-18 14:46:19 App\Jobs\ImportCsv ............................. RUNNING
 ............................. RUNNING
  2024-02-18 14:46:19 App\Jobs\ImportCsv ............................ 10s DONE
  2024-02-18 14:46:19 App\Jobs\ImportCsv ............................. RUNNING
  2024-02-18 14:46:20 App\Jobs\ImportCsv ............................ 10s DONE
  2024-02-18 14:46:21 App\Jobs\ImportCsv ............................. RUNNING
  2024-02-18 14:46:21 App\Jobs\ImportCsv ............................ 11s DONE
  2024-02-18 14:46:21 App\Jobs\ImportCsv ............................. RUNNING
  2024-02-18 14:46:26 App\Jobs\ImportCsv ............................. 8s DONE
  2024-02-18 14:46:26 App\Jobs\ImportCsv ............................. RUNNING
  2024-02-18 14:46:26 App\Jobs\ImportCsv ............................. 7s DONE
  2024-02-18 14:46:26 App\Jobs\ImportCsv ............................. RUNNING
  2024-02-18 14:46:27 App\Jobs\ImportCsv ............................. 7s DONE
  2024-02-18 14:46:27 App\Jobs\ImportCsv ............................. 8s DONE
  2024-02-18 14:46:27 App\Jobs\ImportCsv ............................. RUNNING
  2024-02-18 14:46:27 App\Jobs\ImportCsv  2024-02-18 14:46:27 App\Jobs\ImportCsv ............................. 7s DONE
 ............................. RUNNING
  2024-02-18 14:46:27 App\Jobs\ImportCsv ............................. RUNNING
  2024-02-18 14:46:27 App\Jobs\ImportCsv ............................. 7s DONE
  2024-02-18 14:46:27 App\Jobs\ImportCsv ............................. RUNNING
  2024-02-18 14:46:27 App\Jobs\ImportCsv ............................. 6s DONE
  2024-02-18 14:46:28 App\Jobs\ImportCsv ............................. RUNNING
  2024-02-18 14:46:28 App\Jobs\ImportCsv ............................. 7s DONE
  2024-02-18 14:46:28 App\Jobs\ImportCsv ............................. RUNNING
  2024-02-18 14:46:34 App\Jobs\ImportCsv ............................. 7s DONE
  2024-02-18 14:46:34 App\Jobs\ImportCsv ............................. RUNNING
  2024-02-18 14:46:34 App\Jobs\ImportCsv ............................. 7s DONE
  2024-02-18 14:46:34 App\Jobs\ImportCsv  2024-02-18 14:46:34 App\Jobs\ImportCsv ............................. RUNNING
  2024-02-18 14:46:34 App\Jobs\ImportCsv ............................. 7s DONE
 ............................. 7s DONE
  2024-02-18 14:46:34 App\Jobs\ImportCsv  2024-02-18 14:46:34 App\Jobs\ImportCsv  2024-02-18 14:46:34 App\Jobs\ImportCsv ............................. RUNNING
 ............................. 7s DONE
 ............................. RUNNING
  2024-02-18 14:46:35 App\Jobs\ImportCsv ............................. RUNNING
  2024-02-18 14:46:35 App\Jobs\ImportCsv ............................. 7s DONE
  2024-02-18 14:46:35 App\Jobs\ImportCsv ............................. RUNNING
  2024-02-18 14:46:35 App\Jobs\ImportCsv ............................. 7s DONE
  2024-02-18 14:46:35 App\Jobs\ImportCsv ............................. RUNNING
  2024-02-18 14:46:36 App\Jobs\ImportCsv ............................. 7s DONE
  2024-02-18 14:46:36 App\Jobs\ImportCsv ............................. RUNNING
  2024-02-18 14:46:42 App\Jobs\ImportCsv ............................. 8s DONE
  2024-02-18 14:46:42 App\Jobs\ImportCsv  2024-02-18 14:46:42 App\Jobs\ImportCsv ............................. 8s DONE
 ............................. RUNNING
  2024-02-18 14:46:42 App\Jobs\ImportCsv ............................. RUNNING
  2024-02-18 14:46:42 App\Jobs\ImportCsv ............................. 7s DONE
  2024-02-18 14:46:42 App\Jobs\ImportCsv ............................. RUNNING
  2024-02-18 14:46:43 App\Jobs\ImportCsv ............................. 8s DONE
  2024-02-18 14:46:43 App\Jobs\ImportCsv ............................. RUNNING
  2024-02-18 14:46:43 App\Jobs\ImportCsv ............................. 8s DONE
  2024-02-18 14:46:43 App\Jobs\ImportCsv ............................. RUNNING
  2024-02-18 14:46:43 App\Jobs\ImportCsv ............................. 8s DONE
  2024-02-18 14:46:43 App\Jobs\ImportCsv ............................. RUNNING
  2024-02-18 14:46:43 App\Jobs\ImportCsv ............................. 8s DONE
  2024-02-18 14:46:44 App\Jobs\ImportCsv ............................. RUNNING
  2024-02-18 14:46:44 App\Jobs\ImportCsv ............................. 8s DONE
  2024-02-18 14:46:44 App\Jobs\ImportCsv ............................. RUNNING
  2024-02-18 14:46:49 App\Jobs\ImportCsv ............................. 6s DONE
  2024-02-18 14:46:49 App\Jobs\ImportCsv  2024-02-18 14:46:49 App\Jobs\ImportCsv ............................. RUNNING
 ............................. 6s DONE
  2024-02-18 14:46:49 App\Jobs\ImportCsv ............................. RUNNING
  2024-02-18 14:46:49 App\Jobs\ImportCsv ............................. 6s DONE
  2024-02-18 14:46:49 App\Jobs\ImportCsv ............................. RUNNING
  2024-02-18 14:46:49 App\Jobs\ImportCsv ............................. 6s DONE
  2024-02-18 14:46:49 App\Jobs\ImportCsv ............................. 6s DONE
  2024-02-18 14:46:50 App\Jobs\ImportCsv ............................. RUNNING
  2024-02-18 14:46:50 App\Jobs\ImportCsv ............................. RUNNING
  2024-02-18 14:46:50 App\Jobs\ImportCsv ............................. 6s DONE
  2024-02-18 14:46:50 App\Jobs\ImportCsv ............................. RUNNING
  2024-02-18 14:46:50 App\Jobs\ImportCsv ............................. 6s DONE
  2024-02-18 14:46:51 App\Jobs\ImportCsv ............................. RUNNING
  2024-02-18 14:46:51 App\Jobs\ImportCsv ............................. 6s DONE
  2024-02-18 14:46:51 App\Jobs\ImportCsv ............................. RUNNING
  2024-02-18 14:47:01 App\Jobs\ImportCsv ............................ 12s DONE
  2024-02-18 14:47:01 App\Jobs\ImportCsv ............................. RUNNING
  2024-02-18 14:47:01 App\Jobs\ImportCsv ............................ 12s DONE
  2024-02-18 14:47:01 App\Jobs\ImportCsv ............................ 12s DONE
  2024-02-18 14:47:02 App\Jobs\ImportCsv ............................. RUNNING
  2024-02-18 14:47:02 App\Jobs\ImportCsv ............................. RUNNING
  2024-02-18 14:47:02 App\Jobs\ImportCsv ............................ 12s DONE
  2024-02-18 14:47:02 App\Jobs\ImportCsv ............................. RUNNING
  2024-02-18 14:47:02 App\Jobs\ImportCsv ............................ 12s DONE
  2024-02-18 14:47:02 App\Jobs\ImportCsv ............................. RUNNING
  2024-02-18 14:47:02 App\Jobs\ImportCsv ............................ 12s DONE
  2024-02-18 14:47:02 App\Jobs\ImportCsv ............................. RUNNING
  2024-02-18 14:47:03 App\Jobs\ImportCsv ............................ 12s DONE
  2024-02-18 14:47:03 App\Jobs\ImportCsv ............................. RUNNING
  2024-02-18 14:47:03 App\Jobs\ImportCsv ............................ 12s DONE
  2024-02-18 14:47:04 App\Jobs\ImportCsv ............................. RUNNING
  2024-02-18 14:47:08 App\Jobs\ImportCsv ............................. 6s DONE
  2024-02-18 14:47:08 App\Jobs\ImportCsv ............................. RUNNING
  2024-02-18 14:47:08 App\Jobs\ImportCsv ............................. 6s DONE
  2024-02-18 14:47:08 App\Jobs\ImportCsv ............................. 6s DONE
  2024-02-18 14:47:08 App\Jobs\ImportCsv ............................. RUNNING
  2024-02-18 14:47:08 App\Jobs\ImportCsv ............................. RUNNING
  2024-02-18 14:47:08 App\Jobs\ImportCsv ............................. 6s DONE
  2024-02-18 14:47:08 App\Jobs\ImportCsv ............................. 6s DONE
  2024-02-18 14:47:08 App\Jobs\ImportCsv ............................. RUNNING
  2024-02-18 14:47:09 App\Jobs\ImportCsv ............................. 6s DONE
  2024-02-18 14:47:09 App\Jobs\ImportCsv ............................. RUNNING
  2024-02-18 14:47:09 App\Jobs\ImportCsv ............................. RUNNING
  2024-02-18 14:47:09 App\Jobs\ImportCsv ............................. 6s DONE
  2024-02-18 14:47:10 App\Jobs\ImportCsv ............................. RUNNING
  2024-02-18 14:47:10 App\Jobs\ImportCsv ............................. 6s DONE
  2024-02-18 14:47:10 App\Jobs\ImportCsv ............................. RUNNING
  2024-02-18 14:47:14 App\Jobs\ImportCsv ............................. 6s DONE
  2024-02-18 14:47:14 App\Jobs\ImportCsv ............................. RUNNING
  2024-02-18 14:47:15 App\Jobs\ImportCsv ............................. 6s DONE
  2024-02-18 14:47:15 App\Jobs\ImportCsv ............................. RUNNING
  2024-02-18 14:47:15 App\Jobs\ImportCsv ............................. 6s DONE
  2024-02-18 14:47:15 App\Jobs\ImportCsv ............................. RUNNING
  2024-02-18 14:47:15 App\Jobs\ImportCsv ............................. 6s DONE
  2024-02-18 14:47:15 App\Jobs\ImportCsv  2024-02-18 14:47:15 App\Jobs\ImportCsv ............................. 6s DONE
 ............................. RUNNING
  2024-02-18 14:47:15 App\Jobs\ImportCsv ............................. RUNNING
  2024-02-18 14:47:15 App\Jobs\ImportCsv ............................. 6s DONE
  2024-02-18 14:47:16 App\Jobs\ImportCsv ............................. RUNNING
  2024-02-18 14:47:16 App\Jobs\ImportCsv ............................. 6s DONE
  2024-02-18 14:47:16 App\Jobs\ImportCsv ............................. RUNNING
  2024-02-18 14:47:17 App\Jobs\ImportCsv ............................. 6s DONE
  2024-02-18 14:47:17 App\Jobs\ImportCsv ............................. RUNNING
  2024-02-18 14:47:21 App\Jobs\ImportCsv ............................. 6s DONE
  2024-02-18 14:47:21 App\Jobs\ImportCsv ............................. RUNNING
  2024-02-18 14:47:21 App\Jobs\ImportCsv ............................. 6s DONE
  2024-02-18 14:47:21 App\Jobs\ImportCsv ............................. RUNNING
  2024-02-18 14:47:21 App\Jobs\ImportCsv ............................. 6s DONE
  2024-02-18 14:47:21 App\Jobs\ImportCsv ............................. RUNNING
  2024-02-18 14:47:21 App\Jobs\ImportCsv  2024-02-18 14:47:22 App\Jobs\ImportCsv ............................. 6s DONE
 ............................. 6s DONE
  2024-02-18 14:47:22 App\Jobs\ImportCsv  2024-02-18 14:47:22 App\Jobs\ImportCsv ............................. RUNNING
 ............................. RUNNING
  2024-02-18 14:47:22 App\Jobs\ImportCsv ............................. 6s DONE
  2024-02-18 14:47:22 App\Jobs\ImportCsv ............................. RUNNING
  2024-02-18 14:47:23 App\Jobs\ImportCsv ............................. 6s DONE
  2024-02-18 14:47:23 App\Jobs\ImportCsv ............................. RUNNING
  2024-02-18 14:47:23 App\Jobs\ImportCsv ............................. 6s DONE
  2024-02-18 14:47:24 App\Jobs\ImportCsv ............................. RUNNING
  2024-02-18 14:47:28 App\Jobs\ImportCsv ............................. 6s DONE
  2024-02-18 14:47:28 App\Jobs\ImportCsv ............................. RUNNING
  2024-02-18 14:47:28 App\Jobs\ImportCsv ............................. 6s DONE
  2024-02-18 14:47:28 App\Jobs\ImportCsv ............................. RUNNING
  2024-02-18 14:47:28 App\Jobs\ImportCsv ............................. 6s DONE
  2024-02-18 14:47:28 App\Jobs\ImportCsv ............................. RUNNING
  2024-02-18 14:47:28 App\Jobs\ImportCsv ............................. 6s DONE
  2024-02-18 14:47:29 App\Jobs\ImportCsv  2024-02-18 14:47:29 App\Jobs\ImportCsv ............................. RUNNING
 ............................. 6s DONE
  2024-02-18 14:47:29 App\Jobs\ImportCsv ............................. RUNNING
  2024-02-18 14:47:29 App\Jobs\ImportCsv ............................. 6s DONE
  2024-02-18 14:47:29 App\Jobs\ImportCsv ............................. RUNNING
  2024-02-18 14:47:30 App\Jobs\ImportCsv ............................. 6s DONE
  2024-02-18 14:47:30 App\Jobs\ImportCsv ............................. RUNNING
  2024-02-18 14:47:30 App\Jobs\ImportCsv ............................. 6s DONE
  2024-02-18 14:47:31 App\Jobs\ImportCsv ............................. RUNNING
  2024-02-18 14:47:35 App\Jobs\ImportCsv ............................. 6s DONE
  2024-02-18 14:47:35 App\Jobs\ImportCsv ............................. RUNNING
  2024-02-18 14:47:35 App\Jobs\ImportCsv ............................. 6s DONE
  2024-02-18 14:47:35 App\Jobs\ImportCsv ............................. RUNNING
  2024-02-18 14:47:35 App\Jobs\ImportCsv ............................. 6s DONE
  2024-02-18 14:47:35 App\Jobs\ImportCsv ............................. RUNNING
  2024-02-18 14:47:35 App\Jobs\ImportCsv ............................. 6s DONE
  2024-02-18 14:47:35 App\Jobs\ImportCsv ............................. RUNNING
  2024-02-18 14:47:36 App\Jobs\ImportCsv ............................. 7s DONE
  2024-02-18 14:47:36 App\Jobs\ImportCsv ............................. RUNNING
  2024-02-18 14:47:36 App\Jobs\ImportCsv ............................. 6s DONE
  2024-02-18 14:47:36 App\Jobs\ImportCsv ............................. RUNNING
  2024-02-18 14:47:37 App\Jobs\ImportCsv ............................. 6s DONE
  2024-02-18 14:47:37 App\Jobs\ImportCsv ............................. RUNNING
  2024-02-18 14:47:38 App\Jobs\ImportCsv ............................. 6s DONE
  2024-02-18 14:47:38 App\Jobs\ImportCsv ............................. RUNNING
  2024-02-18 14:47:42 App\Jobs\ImportCsv ............................. 7s DONE
  2024-02-18 14:47:42 App\Jobs\ImportCsv ............................. RUNNING
  2024-02-18 14:47:42 App\Jobs\ImportCsv ............................. 7s DONE
  2024-02-18 14:47:42 App\Jobs\ImportCsv ............................. RUNNING
  2024-02-18 14:47:42 App\Jobs\ImportCsv  2024-02-18 14:47:42 App\Jobs\ImportCsv ............................. 6s DONE
 ............................. 6s DONE
  2024-02-18 14:47:43 App\Jobs\ImportCsv ............................. RUNNING
  2024-02-18 14:47:43 App\Jobs\ImportCsv ............................. RUNNING
  2024-02-18 14:47:43 App\Jobs\ImportCsv ............................. 6s DONE
  2024-02-18 14:47:43 App\Jobs\ImportCsv ............................. RUNNING
  2024-02-18 14:47:43 App\Jobs\ImportCsv ............................. 6s DONE
  2024-02-18 14:47:43 App\Jobs\ImportCsv ............................. RUNNING
  2024-02-18 14:47:44 App\Jobs\ImportCsv ............................. 6s DONE
  2024-02-18 14:47:44 App\Jobs\ImportCsv ............................. RUNNING
  2024-02-18 14:47:44 App\Jobs\ImportCsv ............................. 6s DONE
  2024-02-18 14:47:44 App\Jobs\ImportCsv ............................. RUNNING
  2024-02-18 14:47:47 App\Jobs\ImportCsv ............................. 5s DONE
  2024-02-18 14:47:47 App\Jobs\ImportCsv ............................. RUNNING
  2024-02-18 14:47:48 App\Jobs\ImportCsv ............................. 5s DONE
  2024-02-18 14:47:48 App\Jobs\ImportCsv ............................. RUNNING
  2024-02-18 14:47:48 App\Jobs\ImportCsv ............................. 5s DONE
  2024-02-18 14:47:48 App\Jobs\ImportCsv ............................. 5s DONE
  2024-02-18 14:47:48 App\Jobs\ImportCsv  2024-02-18 14:47:48 App\Jobs\ImportCsv ............................. RUNNING
 ............................. RUNNING
  2024-02-18 14:47:48 App\Jobs\ImportCsv ............................. 5s DONE
  2024-02-18 14:47:48 App\Jobs\ImportCsv ............................. RUNNING
  2024-02-18 14:47:48 App\Jobs\ImportCsv ............................. 5s DONE
  2024-02-18 14:47:48 App\Jobs\ImportCsv ............................. RUNNING
  2024-02-18 14:47:49 App\Jobs\ImportCsv ............................. 5s DONE
  2024-02-18 14:47:49 App\Jobs\ImportCsv ............................. RUNNING
  2024-02-18 14:47:49 App\Jobs\ImportCsv ............................. 5s DONE
  2024-02-18 14:47:50 App\Jobs\ImportCsv ............................. RUNNING
  2024-02-18 14:47:52 App\Jobs\ImportCsv ............................. 4s DONE
  2024-02-18 14:47:52 App\Jobs\ImportCsv ............................. RUNNING
  2024-02-18 14:47:52 App\Jobs\ImportCsv ............................. 4s DONE
  2024-02-18 14:47:52 App\Jobs\ImportCsv ............................. RUNNING
  2024-02-18 14:47:53 App\Jobs\ImportCsv  2024-02-18 14:47:53 App\Jobs\ImportCsv ............................. 4s DONE
 ............................. 4s DONE
  2024-02-18 14:47:53 App\Jobs\ImportCsv  2024-02-18 14:47:53 App\Jobs\ImportCsv ............................. RUNNING
 ............................. RUNNING
  2024-02-18 14:47:53 App\Jobs\ImportCsv ............................. 4s DONE
  2024-02-18 14:47:53 App\Jobs\ImportCsv ............................. RUNNING
  2024-02-18 14:47:53 App\Jobs\ImportCsv ............................. 4s DONE
  2024-02-18 14:47:53 App\Jobs\ImportCsv ............................. RUNNING
  2024-02-18 14:47:54 App\Jobs\ImportCsv ............................. 4s DONE
  2024-02-18 14:47:54 App\Jobs\ImportCsv ............................. RUNNING
  2024-02-18 14:47:54 App\Jobs\ImportCsv ............................. 4s DONE
  2024-02-18 14:47:54 App\Jobs\ImportCsv ............................. RUNNING
  2024-02-18 14:47:58 App\Jobs\ImportCsv ............................. 5s DONE
  2024-02-18 14:47:58 App\Jobs\ImportCsv ............................. RUNNING
  2024-02-18 14:47:58 App\Jobs\ImportCsv ............................. 5s DONE
  2024-02-18 14:47:58 App\Jobs\ImportCsv ............................. RUNNING
  2024-02-18 14:47:58 App\Jobs\ImportCsv ............................. 5s DONE
  2024-02-18 14:47:58 App\Jobs\ImportCsv ............................. 5s DONE
  2024-02-18 14:47:58 App\Jobs\ImportCsv ............................. RUNNING
  2024-02-18 14:47:58 App\Jobs\ImportCsv ............................. RUNNING
  2024-02-18 14:47:58 App\Jobs\ImportCsv ............................. 5s DONE
  2024-02-18 14:47:58 App\Jobs\ImportCsv ............................. RUNNING
  2024-02-18 14:47:59 App\Jobs\ImportCsv ............................. 5s DONE
  2024-02-18 14:47:59 App\Jobs\ImportCsv ............................. RUNNING
  2024-02-18 14:47:59 App\Jobs\ImportCsv ............................. 5s DONE
  2024-02-18 14:47:59 App\Jobs\ImportCsv ............................. RUNNING
  2024-02-18 14:48:01 App\Jobs\ImportCsv ............................. 6s DONE
  2024-02-18 14:48:02 App\Jobs\ImportCsv ............................. RUNNING
  2024-02-18 14:48:07 App\Jobs\ImportCsv ............................. 9s DONE
  2024-02-18 14:48:08 App\Jobs\ImportCsv ............................. RUNNING
  2024-02-18 14:48:08 App\Jobs\ImportCsv ............................. 9s DONE
  2024-02-18 14:48:08 App\Jobs\ImportCsv  2024-02-18 14:48:08 App\Jobs\ImportCsv ............................. RUNNING
 ............................. 9s DONE
  2024-02-18 14:48:08 App\Jobs\ImportCsv  2024-02-18 14:48:08 App\Jobs\ImportCsv ............................ 10s DONE
 ............................. RUNNING
  2024-02-18 14:48:08 App\Jobs\ImportCsv ............................. RUNNING
  2024-02-18 14:48:08 App\Jobs\ImportCsv ............................ 10s DONE
  2024-02-18 14:48:09 App\Jobs\ImportCsv ............................. RUNNING
  2024-02-18 14:48:09 App\Jobs\ImportCsv ............................ 10s DONE
  2024-02-18 14:48:09 App\Jobs\ImportCsv ............................. RUNNING
  2024-02-18 14:48:10 App\Jobs\ImportCsv ............................ 10s DONE
  2024-02-18 14:48:10 App\Jobs\ImportCsv ............................. RUNNING
  2024-02-18 14:48:11 App\Jobs\ImportCsv ............................. 9s DONE
  2024-02-18 14:48:11 App\Jobs\ImportCsv ............................. RUNNING
  2024-02-18 14:48:14 App\Jobs\ImportCsv ............................. 6s DONE
  2024-02-18 14:48:14 App\Jobs\ImportCsv ............................. RUNNING
  2024-02-18 14:48:15 App\Jobs\ImportCsv ............................. 6s DONE
  2024-02-18 14:48:15 App\Jobs\ImportCsv  2024-02-18 14:48:15 App\Jobs\ImportCsv ............................. RUNNING
 ............................. 6s DONE
  2024-02-18 14:48:15 App\Jobs\ImportCsv ............................. RUNNING
  2024-02-18 14:48:15 App\Jobs\ImportCsv ............................. 6s DONE
  2024-02-18 14:48:15 App\Jobs\ImportCsv ............................. RUNNING
  2024-02-18 14:48:16 App\Jobs\ImportCsv ............................. 6s DONE
  2024-02-18 14:48:16 App\Jobs\ImportCsv ............................. RUNNING
  2024-02-18 14:48:16 App\Jobs\ImportCsv ............................. 6s DONE
  2024-02-18 14:48:16 App\Jobs\ImportCsv ............................. RUNNING
  2024-02-18 14:48:17 App\Jobs\ImportCsv ............................. 6s DONE
  2024-02-18 14:48:17 App\Jobs\ImportCsv ............................. RUNNING
  2024-02-18 14:48:18 App\Jobs\ImportCsv ............................. 7s DONE
  2024-02-18 14:48:18 App\Jobs\ImportCsv ............................. RUNNING
  2024-02-18 14:48:22 App\Jobs\ImportCsv ............................. 7s DONE
  2024-02-18 14:48:23 App\Jobs\ImportCsv ............................. RUNNING
  2024-02-18 14:48:23 App\Jobs\ImportCsv ............................. 7s DONE
  2024-02-18 14:48:23 App\Jobs\ImportCsv ............................. 7s DONE
  2024-02-18 14:48:23 App\Jobs\ImportCsv ............................. RUNNING
  2024-02-18 14:48:23 App\Jobs\ImportCsv ............................. RUNNING
  2024-02-18 14:48:23 App\Jobs\ImportCsv ............................. 7s DONE
  2024-02-18 14:48:23 App\Jobs\ImportCsv ............................. RUNNING
  2024-02-18 14:48:24 App\Jobs\ImportCsv ............................. 8s DONE
  2024-02-18 14:48:24 App\Jobs\ImportCsv ............................. RUNNING
  2024-02-18 14:48:24 App\Jobs\ImportCsv ............................. 7s DONE
  2024-02-18 14:48:24 App\Jobs\ImportCsv ............................. RUNNING
  2024-02-18 14:48:25 App\Jobs\ImportCsv ............................. 8s DONE
  2024-02-18 14:48:25 App\Jobs\ImportCsv ............................. RUNNING
  2024-02-18 14:48:26 App\Jobs\ImportCsv ............................. 7s DONE
  2024-02-18 14:48:26 App\Jobs\ImportCsv ............................. RUNNING
  2024-02-18 14:48:34 App\Jobs\ImportCsv ............................ 11s DONE
  2024-02-18 14:48:34 App\Jobs\ImportCsv ............................. RUNNING
  2024-02-18 14:48:35 App\Jobs\ImportCsv  2024-02-18 14:48:35 App\Jobs\ImportCsv ............................ 11s DONE
 ............................ 11s DONE
  2024-02-18 14:48:36 App\Jobs\ImportCsv  2024-02-18 14:48:36 App\Jobs\ImportCsv ............................. RUNNING
 ............................. RUNNING
  2024-02-18 14:48:36 App\Jobs\ImportCsv ............................ 12s DONE
  2024-02-18 14:48:36 App\Jobs\ImportCsv ............................. RUNNING
  2024-02-18 14:48:37 App\Jobs\ImportCsv ............................ 12s DONE
  2024-02-18 14:48:37 App\Jobs\ImportCsv ............................. RUNNING
  2024-02-18 14:48:37 App\Jobs\ImportCsv ............................ 12s DONE
  2024-02-18 14:48:37 App\Jobs\ImportCsv ............................. RUNNING
  2024-02-18 14:48:38 App\Jobs\ImportCsv ............................ 12s DONE
  2024-02-18 14:48:38 App\Jobs\ImportCsv ............................. RUNNING
  2024-02-18 14:48:39 App\Jobs\ImportCsv ............................ 12s DONE
  2024-02-18 14:48:39 App\Jobs\ImportCsv ............................. RUNNING
  2024-02-18 14:48:45 App\Jobs\ImportCsv ............................ 10s DONE
  2024-02-18 14:48:45 App\Jobs\ImportCsv ............................. RUNNING
  2024-02-18 14:48:45 App\Jobs\ImportCsv ............................. 9s DONE
  2024-02-18 14:48:45 App\Jobs\ImportCsv ............................. RUNNING
  2024-02-18 14:48:45 App\Jobs\ImportCsv  2024-02-18 14:48:45 App\Jobs\ImportCsv ............................. 9s DONE
 ............................. 9s DONE
  2024-02-18 14:48:45 App\Jobs\ImportCsv ............................. RUNNING
  2024-02-18 14:48:45 App\Jobs\ImportCsv ............................. RUNNING
  2024-02-18 14:48:46 App\Jobs\ImportCsv ............................. 8s DONE
  2024-02-18 14:48:46 App\Jobs\ImportCsv ............................. RUNNING
  2024-02-18 14:48:46 App\Jobs\ImportCsv ............................. 8s DONE
  2024-02-18 14:48:46 App\Jobs\ImportCsv ............................. RUNNING
  2024-02-18 14:48:47 App\Jobs\ImportCsv ............................. 9s DONE
  2024-02-18 14:48:47 App\Jobs\ImportCsv ............................. RUNNING
  2024-02-18 14:48:50 App\Jobs\ImportCsv ............................ 10s DONE
  2024-02-18 14:48:51 App\Jobs\ImportCsv ............................. RUNNING
  2024-02-18 14:48:58 App\Jobs\ImportCsv  2024-02-18 14:48:58 App\Jobs\ImportCsv ............................ 12s DONE
 ............................ 13s DONE
  2024-02-18 14:48:58 App\Jobs\ImportCsv  2024-02-18 14:48:58 App\Jobs\ImportCsv ............................ 12s DONE
  2024-02-18 14:48:58 App\Jobs\ImportCsv ............................. RUNNING
 ............................. RUNNING
  2024-02-18 14:48:58 App\Jobs\ImportCsv  2024-02-18 14:48:58 App\Jobs\ImportCsv ............................ 12s DONE
 ............................. RUNNING
  2024-02-18 14:48:58 App\Jobs\ImportCsv ............................. RUNNING
  2024-02-18 14:48:58 App\Jobs\ImportCsv ............................ 12s DONE
  2024-02-18 14:48:58 App\Jobs\ImportCsv ............................. RUNNING
  2024-02-18 14:48:59 App\Jobs\ImportCsv ............................ 12s DONE
  2024-02-18 14:48:59 App\Jobs\ImportCsv ............................. RUNNING
  2024-02-18 14:48:59 App\Jobs\ImportCsv ............................ 12s DONE
  2024-02-18 14:48:59 App\Jobs\ImportCsv ............................. RUNNING
  2024-02-18 14:49:00 App\Jobs\ImportCsv ............................. 9s DONE
  2024-02-18 14:49:00 App\Jobs\ImportCsv ............................. RUNNING
  2024-02-18 14:49:04 App\Jobs\ImportCsv ............................. 6s DONE
  2024-02-18 14:49:04 App\Jobs\ImportCsv ............................. 6s DONE
  2024-02-18 14:49:04 App\Jobs\ImportCsv ............................. RUNNING
  2024-02-18 14:49:04 App\Jobs\ImportCsv ............................. RUNNING
  2024-02-18 14:49:05 App\Jobs\ImportCsv ............................. 6s DONE
  2024-02-18 14:49:05 App\Jobs\ImportCsv ............................. 6s DONE
  2024-02-18 14:49:05 App\Jobs\ImportCsv ............................. RUNNING
  2024-02-18 14:49:05 App\Jobs\ImportCsv ............................. RUNNING
  2024-02-18 14:49:05 App\Jobs\ImportCsv ............................. 6s DONE
  2024-02-18 14:49:05 App\Jobs\ImportCsv ............................. RUNNING
  2024-02-18 14:49:05 App\Jobs\ImportCsv ............................. 6s DONE
  2024-02-18 14:49:06 App\Jobs\ImportCsv ............................. RUNNING
  2024-02-18 14:49:06 App\Jobs\ImportCsv ............................. 6s DONE
  2024-02-18 14:49:06 App\Jobs\ImportCsv ............................. RUNNING
  2024-02-18 14:49:07 App\Jobs\ImportCsv ............................. 6s DONE
  2024-02-18 14:49:07 App\Jobs\ImportCsv ............................. RUNNING
  2024-02-18 14:49:12 App\Jobs\ImportCsv ............................. 7s DONE
  2024-02-18 14:49:12 App\Jobs\ImportCsv ............................. RUNNING
  2024-02-18 14:49:12 App\Jobs\ImportCsv ............................. 7s DONE
  2024-02-18 14:49:12 App\Jobs\ImportCsv ............................. RUNNING
  2024-02-18 14:49:12 App\Jobs\ImportCsv  2024-02-18 14:49:12 App\Jobs\ImportCsv ............................. 7s DONE
 ............................. 7s DONE
  2024-02-18 14:49:12 App\Jobs\ImportCsv ............................. RUNNING
  2024-02-18 14:49:12 App\Jobs\ImportCsv ............................. RUNNING
  2024-02-18 14:49:13 App\Jobs\ImportCsv ............................. 7s DONE
  2024-02-18 14:49:13 App\Jobs\ImportCsv ............................. RUNNING
  2024-02-18 14:49:13 App\Jobs\ImportCsv ............................. 7s DONE
  2024-02-18 14:49:13 App\Jobs\ImportCsv ............................. RUNNING
  2024-02-18 14:49:14 App\Jobs\ImportCsv ............................. 7s DONE
  2024-02-18 14:49:14 App\Jobs\ImportCsv ............................. RUNNING
  2024-02-18 14:49:15 App\Jobs\ImportCsv ............................. 7s DONE
  2024-02-18 14:49:15 App\Jobs\ImportCsv ............................. RUNNING
  2024-02-18 14:49:18 App\Jobs\ImportCsv ............................. 6s DONE
  2024-02-18 14:49:18 App\Jobs\ImportCsv ............................. 6s DONE
  2024-02-18 14:49:18 App\Jobs\ImportCsv  2024-02-18 14:49:18 App\Jobs\ImportCsv ............................. ............................. RUNNING
 RUNNING
  2024-02-18 14:49:19 App\Jobs\ImportCsv  2024-02-18 14:49:19 App\Jobs\ImportCsv ............................. 7s DONE
 ............................. 7s DONE
  2024-02-18 14:49:19 App\Jobs\ImportCsv ............................. RUNNING
  2024-02-18 14:49:19 App\Jobs\ImportCsv ............................. RUNNING
  2024-02-18 14:49:21 App\Jobs\ImportCsv ............................. 7s DONE
  2024-02-18 14:49:21 App\Jobs\ImportCsv ............................. RUNNING
  2024-02-18 14:49:21 App\Jobs\ImportCsv ............................. 7s DONE
  2024-02-18 14:49:21 App\Jobs\ImportCsv ............................. RUNNING
  2024-02-18 14:49:22 App\Jobs\ImportCsv ............................. 7s DONE
  2024-02-18 14:49:22 App\Jobs\ImportCsv ............................. RUNNING
  2024-02-18 14:49:22 App\Jobs\ImportCsv ............................. 7s DONE
  2024-02-18 14:49:22 App\Jobs\ImportCsv ............................. RUNNING
  2024-02-18 14:49:26 App\Jobs\ImportCsv ............................. 7s DONE
  2024-02-18 14:49:26 App\Jobs\ImportCsv  2024-02-18 14:49:26 App\Jobs\ImportCsv ............................. 7s DONE
 ............................. RUNNING
  2024-02-18 14:49:26 App\Jobs\ImportCsv ............................. RUNNING
  2024-02-18 14:49:26 App\Jobs\ImportCsv  2024-02-18 14:49:26 App\Jobs\ImportCsv ............................. 6s DONE
 ............................. 6s DONE
  2024-02-18 14:49:26 App\Jobs\ImportCsv  2024-02-18 14:49:26 App\Jobs\ImportCsv ............................. RUNNING
 ............................. RUNNING
  2024-02-18 14:49:27 App\Jobs\ImportCsv ............................. 6s DONE
  2024-02-18 14:49:27 App\Jobs\ImportCsv ............................. 5s DONE
  2024-02-18 14:49:27 App\Jobs\ImportCsv ............................. RUNNING
  2024-02-18 14:49:27 App\Jobs\ImportCsv ............................. RUNNING
  2024-02-18 14:49:28 App\Jobs\ImportCsv ............................. 5s DONE
  2024-02-18 14:49:28 App\Jobs\ImportCsv ............................. RUNNING
  2024-02-18 14:49:28 App\Jobs\ImportCsv ............................. 6s DONE
  2024-02-18 14:49:29 App\Jobs\ImportCsv ............................. RUNNING
  2024-02-18 14:49:32 App\Jobs\ImportCsv  2024-02-18 14:49:32 App\Jobs\ImportCsv ............................. 6s DONE
 ............................. 5s DONE
  2024-02-18 14:49:32 App\Jobs\ImportCsv ............................. RUNNING
  2024-02-18 14:49:32 App\Jobs\ImportCsv ............................. RUNNING
  2024-02-18 14:49:32 App\Jobs\ImportCsv ............................. 5s DONE
  2024-02-18 14:49:32 App\Jobs\ImportCsv ............................. 5s DONE
  2024-02-18 14:49:32 App\Jobs\ImportCsv ............................. RUNNING
  2024-02-18 14:49:32 App\Jobs\ImportCsv ............................. RUNNING
  2024-02-18 14:49:33 App\Jobs\ImportCsv  2024-02-18 14:49:33 App\Jobs\ImportCsv ............................. 6s DONE
 ............................. 6s DONE
  2024-02-18 14:49:33 App\Jobs\ImportCsv  2024-02-18 14:49:33 App\Jobs\ImportCsv ............................. RUNNING
 ............................. RUNNING
  2024-02-18 14:49:34 App\Jobs\ImportCsv ............................. 6s DONE
  2024-02-18 14:49:35 App\Jobs\ImportCsv ............................. RUNNING
  2024-02-18 14:49:35 App\Jobs\ImportCsv ............................. 6s DONE
  2024-02-18 14:49:36 App\Jobs\ImportCsv ............................. RUNNING
  2024-02-18 14:49:39 App\Jobs\ImportCsv ............................. 6s DONE
  2024-02-18 14:49:39 App\Jobs\ImportCsv ............................. 7s DONE
  2024-02-18 14:49:39 App\Jobs\ImportCsv ............................. RUNNING
  2024-02-18 14:49:39 App\Jobs\ImportCsv  2024-02-18 14:49:39 App\Jobs\ImportCsv ............................. 6s DONE
 ............................. RUNNING
  2024-02-18 14:49:39 App\Jobs\ImportCsv ............................. RUNNING
  2024-02-18 14:49:39 App\Jobs\ImportCsv ............................. 7s DONE
  2024-02-18 14:49:39 App\Jobs\ImportCsv ............................. RUNNING
  2024-02-18 14:49:41 App\Jobs\ImportCsv  2024-02-18 14:49:41 App\Jobs\ImportCsv ............................. 7s DONE
 ............................. 7s DONE
  2024-02-18 14:49:41 App\Jobs\ImportCsv  2024-02-18 14:49:41 App\Jobs\ImportCsv ............................. RUNNING
 ............................. RUNNING
  2024-02-18 14:49:41 App\Jobs\ImportCsv ............................. 6s DONE
  2024-02-18 14:49:42 App\Jobs\ImportCsv ............................. RUNNING
  2024-02-18 14:49:43 App\Jobs\ImportCsv ............................. 6s DONE
  2024-02-18 14:49:43 App\Jobs\ImportCsv ............................. RUNNING
  2024-02-18 14:49:45 App\Jobs\ImportCsv ............................. 6s DONE
  2024-02-18 14:49:46 App\Jobs\ImportCsv ............................. 6s DONE
  2024-02-18 14:49:46 App\Jobs\ImportCsv  2024-02-18 14:49:46 App\Jobs\ImportCsv ............................. RUNNING
  2024-02-18 14:49:46 App\Jobs\ImportCsv  2024-02-18 14:49:46 App\Jobs\ImportCsv ............................. RUNNING
 ............................. 6s ............................. DONE
 6s DONE
  2024-02-18 14:49:46 App\Jobs\ImportCsv  2024-02-18 14:49:46 App\Jobs\ImportCsv ............................. RUNNING
 ............................. RUNNING
  2024-02-18 14:49:47 App\Jobs\ImportCsv ............................. 5s DONE
  2024-02-18 14:49:47 App\Jobs\ImportCsv  2024-02-18 14:49:47 App\Jobs\ImportCsv ............................. ............................. 6s DONE
 RUNNING
  2024-02-18 14:49:47 App\Jobs\ImportCsv ............................. RUNNING
  2024-02-18 14:49:48 App\Jobs\ImportCsv ............................. 6s DONE
  2024-02-18 14:49:48 App\Jobs\ImportCsv ............................. RUNNING
  2024-02-18 14:49:49 App\Jobs\ImportCsv ............................. 6s DONE
  2024-02-18 14:49:49 App\Jobs\ImportCsv ............................. RUNNING
  2024-02-18 14:49:52 App\Jobs\ImportCsv  2024-02-18 14:49:52 App\Jobs\ImportCsv ............................. 6s DONE
 ............................. 6s DONE
  2024-02-18 14:49:52 App\Jobs\ImportCsv ............................. RUNNING
  2024-02-18 14:49:52 App\Jobs\ImportCsv ............................. RUNNING
  2024-02-18 14:49:52 App\Jobs\ImportCsv ............................. 6s DONE
  2024-02-18 14:49:52 App\Jobs\ImportCsv ............................. 6s DONE
  2024-02-18 14:49:52 App\Jobs\ImportCsv ............................. RUNNING
  2024-02-18 14:49:52 App\Jobs\ImportCsv ............................. RUNNING
  2024-02-18 14:49:53 App\Jobs\ImportCsv ............................. 6s DONE
  2024-02-18 14:49:53 App\Jobs\ImportCsv  2024-02-18 14:49:53 App\Jobs\ImportCsv ............................. 6s DONE
 ............................. RUNNING
  2024-02-18 14:49:53 App\Jobs\ImportCsv ............................. RUNNING
  2024-02-18 14:49:54 App\Jobs\ImportCsv ............................. 5s DONE
  2024-02-18 14:49:54 App\Jobs\ImportCsv ............................. RUNNING
  2024-02-18 14:49:55 App\Jobs\ImportCsv ............................. 5s DONE
  2024-02-18 14:49:55 App\Jobs\ImportCsv ............................. RUNNING
  2024-02-18 14:49:57 App\Jobs\ImportCsv  2024-02-18 14:49:57 App\Jobs\ImportCsv ............................. 4s DONE
 ............................. 5s DONE
  2024-02-18 14:49:57 App\Jobs\ImportCsv ............................. RUNNING
  2024-02-18 14:49:57 App\Jobs\ImportCsv ............................. RUNNING
  2024-02-18 14:49:57 App\Jobs\ImportCsv  2024-02-18 14:49:57 App\Jobs\ImportCsv ............................. 4s DONE
 ............................. 4s DONE
  2024-02-18 14:49:57 App\Jobs\ImportCsv ............................. RUNNING
  2024-02-18 14:49:57 App\Jobs\ImportCsv ............................. RUNNING
  2024-02-18 14:49:59 App\Jobs\ImportCsv ............................. 6s DONE
  2024-02-18 14:49:59 App\Jobs\ImportCsv ............................. RUNNING
  2024-02-18 14:50:00 App\Jobs\ImportCsv ............................. 6s DONE
  2024-02-18 14:50:00 App\Jobs\ImportCsv ............................. RUNNING
  2024-02-18 14:50:02 App\Jobs\ImportCsv ............................. 8s DONE
  2024-02-18 14:50:02 App\Jobs\ImportCsv ............................. RUNNING
  2024-02-18 14:50:04 App\Jobs\ImportCsv ............................. 9s DONE
  2024-02-18 14:50:05 App\Jobs\ImportCsv ............................. RUNNING
  2024-02-18 14:50:07 App\Jobs\ImportCsv ............................ 10s DONE
  2024-02-18 14:50:07 App\Jobs\ImportCsv ............................ 10s DONE
  2024-02-18 14:50:07 App\Jobs\ImportCsv ............................. RUNNING
  2024-02-18 14:50:07 App\Jobs\ImportCsv ............................. RUNNING
  2024-02-18 14:50:07 App\Jobs\ImportCsv ............................ 10s DONE
  2024-02-18 14:50:07 App\Jobs\ImportCsv ............................ 10s DONE
  2024-02-18 14:50:07 App\Jobs\ImportCsv ............................. RUNNING
  2024-02-18 14:50:07 App\Jobs\ImportCsv ............................. RUNNING
  2024-02-18 14:50:08 App\Jobs\ImportCsv ............................. 8s DONE
  2024-02-18 14:50:08 App\Jobs\ImportCsv ............................. RUNNING
  2024-02-18 14:50:08 App\Jobs\ImportCsv ............................. 8s DONE
  2024-02-18 14:50:08 App\Jobs\ImportCsv ............................. RUNNING
  2024-02-18 14:50:09 App\Jobs\ImportCsv ............................. 6s DONE
  2024-02-18 14:50:09 App\Jobs\ImportCsv ............................. RUNNING
  2024-02-18 14:50:10 App\Jobs\ImportCsv ............................. 5s DONE
  2024-02-18 14:50:10 App\Jobs\ImportCsv ............................. RUNNING
  2024-02-18 14:50:12 App\Jobs\ImportCsv ............................. 5s  2024-02-18 14:50:12 App\Jobs\ImportCsv ............................. 5s DONE
 DONE
  2024-02-18 14:50:12 App\Jobs\ImportCsv ............................. RUNNING
  2024-02-18 14:50:12 App\Jobs\ImportCsv ............................. RUNNING
  2024-02-18 14:50:13 App\Jobs\ImportCsv  2024-02-18 14:50:13 App\Jobs\ImportCsv ............................. 5s DONE
 ............................. 5s DONE
  2024-02-18 14:50:13 App\Jobs\ImportCsv ............................. RUNNING
  2024-02-18 14:50:13 App\Jobs\ImportCsv ............................. RUNNING
  2024-02-18 14:50:13 App\Jobs\ImportCsv ............................. 5s DONE
  2024-02-18 14:50:13 App\Jobs\ImportCsv ............................. RUNNING
  2024-02-18 14:50:13 App\Jobs\ImportCsv ............................. 5s DONE
  2024-02-18 14:50:14 App\Jobs\ImportCsv ............................. RUNNING
  2024-02-18 14:50:14 App\Jobs\ImportCsv ............................. 4s DONE
  2024-02-18 14:50:14 App\Jobs\ImportCsv ............................. RUNNING
  2024-02-18 14:50:15 App\Jobs\ImportCsv ............................. 5s DONE
  2024-02-18 14:50:15 App\Jobs\ImportCsv ............................. RUNNING
  2024-02-18 14:50:18 App\Jobs\ImportCsv ............................. 5s DONE
  2024-02-18 14:50:18 App\Jobs\ImportCsv  2024-02-18 14:50:18 App\Jobs\ImportCsv ............................. ............................. RUNNING
 5s DONE
  2024-02-18 14:50:18 App\Jobs\ImportCsv ............................. RUNNING
  2024-02-18 14:50:18 App\Jobs\ImportCsv ............................. 5s DONE
  2024-02-18 14:50:18 App\Jobs\ImportCsv ............................. 5s DONE
  2024-02-18 14:50:18 App\Jobs\ImportCsv ............................. RUNNING
  2024-02-18 14:50:18 App\Jobs\ImportCsv ............................. RUNNING
  2024-02-18 14:50:19 App\Jobs\ImportCsv ............................. 5s DONE
  2024-02-18 14:50:19 App\Jobs\ImportCsv ............................. RUNNING
  2024-02-18 14:50:19 App\Jobs\ImportCsv ............................. 5s DONE
  2024-02-18 14:50:19 App\Jobs\ImportCsv ............................. RUNNING
  2024-02-18 14:50:20 App\Jobs\ImportCsv ............................. 5s DONE
  2024-02-18 14:50:20 App\Jobs\ImportCsv ............................. RUNNING
  2024-02-18 14:50:21 App\Jobs\ImportCsv ............................. 5s DONE
  2024-02-18 14:50:21 App\Jobs\ImportCsv ............................. RUNNING
  2024-02-18 14:50:23 App\Jobs\ImportCsv ............................. 5s DONE
  2024-02-18 14:50:23 App\Jobs\ImportCsv ............................. RUNNING
  2024-02-18 14:50:23 App\Jobs\ImportCsv ............................. 5s DONE
  2024-02-18 14:50:23 App\Jobs\ImportCsv ............................. RUNNING
  2024-02-18 14:50:23 App\Jobs\ImportCsv ............................. 5s DONE
  2024-02-18 14:50:24 App\Jobs\ImportCsv ............................. 5s DONE
  2024-02-18 14:50:24 App\Jobs\ImportCsv ............................. RUNNING
  2024-02-18 14:50:24 App\Jobs\ImportCsv ............................. RUNNING
  2024-02-18 14:50:24 App\Jobs\ImportCsv ............................. 5s DONE
  2024-02-18 14:50:24 App\Jobs\ImportCsv .............................  2024-02-18 14:50:24 App\Jobs\ImportCsv RUNNING
 ............................. 5s DONE
  2024-02-18 14:50:24 App\Jobs\ImportCsv ............................. RUNNING
  2024-02-18 14:50:25 App\Jobs\ImportCsv ............................. 4s DONE
  2024-02-18 14:50:25 App\Jobs\ImportCsv ............................. RUNNING
  2024-02-18 14:50:26 App\Jobs\ImportCsv ............................. 5s DONE
  2024-02-18 14:50:26 App\Jobs\ImportCsv ............................. RUNNING
  2024-02-18 14:50:28 App\Jobs\ImportCsv ............................. 5s DONE
  2024-02-18 14:50:29 App\Jobs\ImportCsv ............................. RUNNING
  2024-02-18 14:50:30 App\Jobs\ImportCsv ............................. 6s DONE
  2024-02-18 14:50:30 App\Jobs\ImportCsv ............................. RUNNING
  2024-02-18 14:50:30 App\Jobs\ImportCsv ............................. 6s DONE
  2024-02-18 14:50:31 App\Jobs\ImportCsv ............................. RUNNING
  2024-02-18 14:50:31 App\Jobs\ImportCsv ............................. 7s DONE
  2024-02-18 14:50:31 App\Jobs\ImportCsv ............................. RUNNING
  2024-02-18 14:50:32 App\Jobs\ImportCsv ............................. 7s DONE
  2024-02-18 14:50:32 App\Jobs\ImportCsv ............................. RUNNING
  2024-02-18 14:50:33 App\Jobs\ImportCsv ............................. 8s DONE
  2024-02-18 14:50:33 App\Jobs\ImportCsv ............................. RUNNING
  2024-02-18 14:50:34 App\Jobs\ImportCsv ............................. 8s DONE
  2024-02-18 14:50:34 App\Jobs\ImportCsv ............................. RUNNING
  2024-02-18 14:50:36 App\Jobs\ImportCsv ............................ 10s DONE
  2024-02-18 14:50:36 App\Jobs\ImportCsv ............................. RUNNING
  2024-02-18 14:50:38 App\Jobs\ImportCsv ............................. 9s DONE
  2024-02-18 14:50:38 App\Jobs\ImportCsv ............................. RUNNING
  2024-02-18 14:50:39 App\Jobs\ImportCsv ............................. 8s DONE
  2024-02-18 14:50:39 App\Jobs\ImportCsv ............................. RUNNING
  2024-02-18 14:50:39 App\Jobs\ImportCsv ............................. 8s DONE
  2024-02-18 14:50:39 App\Jobs\ImportCsv ............................. RUNNING
  2024-02-18 14:50:39 App\Jobs\ImportCsv ............................. 8s DONE
  2024-02-18 14:50:39 App\Jobs\ImportCsv ............................. RUNNING
  2024-02-18 14:50:40 App\Jobs\ImportCsv ............................. 7s DONE
  2024-02-18 14:50:40 App\Jobs\ImportCsv ............................. RUNNING
  2024-02-18 14:50:40 App\Jobs\ImportCsv ............................. 7s DONE
  2024-02-18 14:50:40 App\Jobs\ImportCsv ............................. RUNNING
  2024-02-18 14:50:41 App\Jobs\ImportCsv ............................. 6s DONE
  2024-02-18 14:50:41 App\Jobs\ImportCsv ............................. RUNNING
  2024-02-18 14:50:42 App\Jobs\ImportCsv ............................. 5s DONE
  2024-02-18 14:50:42 App\Jobs\ImportCsv ............................. RUNNING
  2024-02-18 14:50:44 App\Jobs\ImportCsv ............................. 5s DONE
  2024-02-18 14:50:44 App\Jobs\ImportCsv ............................. RUNNING
  2024-02-18 14:50:44 App\Jobs\ImportCsv ............................. 5s DONE
  2024-02-18 14:50:44 App\Jobs\ImportCsv ............................. RUNNING
  2024-02-18 14:50:44 App\Jobs\ImportCsv ............................. 5s DONE
  2024-02-18 14:50:45 App\Jobs\ImportCsv ............................. RUNNING
  2024-02-18 14:50:45 App\Jobs\ImportCsv ............................. 5s DONE
  2024-02-18 14:50:45 App\Jobs\ImportCsv ............................. RUNNING
  2024-02-18 14:50:46 App\Jobs\ImportCsv .............................  2024-02-18 14:50:46 App\Jobs\ImportCsv 5s DONE
 ............................. 5s DONE
  2024-02-18 14:50:46 App\Jobs\ImportCsv ............................. RUNNING
  2024-02-18 14:50:46 App\Jobs\ImportCsv ............................. RUNNING
  2024-02-18 14:50:46 App\Jobs\ImportCsv ............................. 5s DONE
  2024-02-18 14:50:46 App\Jobs\ImportCsv ............................. RUNNING
  2024-02-18 14:50:48 App\Jobs\ImportCsv ............................. 5s DONE
  2024-02-18 14:50:48 App\Jobs\ImportCsv ............................. RUNNING
  2024-02-18 14:50:50 App\Jobs\ImportCsv ............................. 5s DONE
  2024-02-18 14:50:50 App\Jobs\ImportCsv ............................. RUNNING
  2024-02-18 14:50:50 App\Jobs\ImportCsv ............................. 5s DONE
  2024-02-18 14:50:50 App\Jobs\ImportCsv ............................. RUNNING
  2024-02-18 14:50:50 App\Jobs\ImportCsv ............................. 5s DONE
  2024-02-18 14:50:50 App\Jobs\ImportCsv ............................. RUNNING
  2024-02-18 14:50:51 App\Jobs\ImportCsv ............................. 5s DONE
  2024-02-18 14:50:51 App\Jobs\ImportCsv ............................. RUNNING
  2024-02-18 14:50:51 App\Jobs\ImportCsv ............................. 5s DONE
  2024-02-18 14:50:51 App\Jobs\ImportCsv  2024-02-18 14:50:51 App\Jobs\ImportCsv ............................. 5s DONE
 ............................. RUNNING
  2024-02-18 14:50:52 App\Jobs\ImportCsv ............................. RUNNING
  2024-02-18 14:50:52 App\Jobs\ImportCsv ............................. 5s DONE
  2024-02-18 14:50:52 App\Jobs\ImportCsv ............................. RUNNING
  2024-02-18 14:50:53 App\Jobs\ImportCsv ............................. 5s DONE
  2024-02-18 14:50:53 App\Jobs\ImportCsv ............................. RUNNING
  2024-02-18 14:50:55 App\Jobs\ImportCsv ............................. 5s DONE
  2024-02-18 14:50:55 App\Jobs\ImportCsv ............................. RUNNING
  2024-02-18 14:50:55 App\Jobs\ImportCsv ............................. 5s DONE
  2024-02-18 14:50:56 App\Jobs\ImportCsv ............................. RUNNING
  2024-02-18 14:50:56 App\Jobs\ImportCsv ............................. 5s DONE
  2024-02-18 14:50:56 App\Jobs\ImportCsv ............................. RUNNING
  2024-02-18 14:50:56 App\Jobs\ImportCsv ............................. 5s DONE
  2024-02-18 14:50:56 App\Jobs\ImportCsv ............................. RUNNING
  2024-02-18 14:50:57 App\Jobs\ImportCsv ............................. 5s DONE
  2024-02-18 14:50:57 App\Jobs\ImportCsv ............................. 5s DONE
  2024-02-18 14:50:57 App\Jobs\ImportCsv ............................. RUNNING
  2024-02-18 14:50:57 App\Jobs\ImportCsv ............................. RUNNING
  2024-02-18 14:50:57 App\Jobs\ImportCsv ............................. 5s DONE
  2024-02-18 14:50:57 App\Jobs\ImportCsv ............................. RUNNING
  2024-02-18 14:50:59 App\Jobs\ImportCsv ............................. 5s DONE
  2024-02-18 14:50:59 App\Jobs\ImportCsv ............................. RUNNING
  2024-02-18 14:51:03 App\Jobs\ImportCsv ............................. 7s DONE
  2024-02-18 14:51:04 App\Jobs\ImportCsv ............................. RUNNING
  2024-02-18 14:51:04 App\Jobs\ImportCsv ............................. 8s DONE
  2024-02-18 14:51:04 App\Jobs\ImportCsv ............................. RUNNING
  2024-02-18 14:51:05 App\Jobs\ImportCsv ............................. 8s DONE
  2024-02-18 14:51:05 App\Jobs\ImportCsv ............................. RUNNING
  2024-02-18 14:51:06 App\Jobs\ImportCsv ............................. 9s DONE
  2024-02-18 14:51:06 App\Jobs\ImportCsv ............................. RUNNING
  2024-02-18 14:51:08 App\Jobs\ImportCsv  2024-02-18 14:51:08 App\Jobs\ImportCsv ............................ 10s DONE
 ............................ 10s DONE
  2024-02-18 14:51:08 App\Jobs\ImportCsv ............................. RUNNING
  2024-02-18 14:51:08 App\Jobs\ImportCsv ............................. RUNNING
  2024-02-18 14:51:08 App\Jobs\ImportCsv ............................ 10s DONE
  2024-02-18 14:51:08 App\Jobs\ImportCsv ............................. RUNNING
  2024-02-18 14:51:10 App\Jobs\ImportCsv ............................ 11s DONE
  2024-02-18 14:51:10 App\Jobs\ImportCsv ............................. RUNNING
  2024-02-18 14:51:12 App\Jobs\ImportCsv ............................. 8s DONE
  2024-02-18 14:51:12 App\Jobs\ImportCsv ............................. RUNNING
  2024-02-18 14:51:12 App\Jobs\ImportCsv ............................. 7s DONE
  2024-02-18 14:51:12 App\Jobs\ImportCsv ............................. RUNNING
  2024-02-18 14:51:13 App\Jobs\ImportCsv ............................. 7s DONE
  2024-02-18 14:51:13 App\Jobs\ImportCsv ............................. RUNNING
  2024-02-18 14:51:13 App\Jobs\ImportCsv ............................. 7s DONE
  2024-02-18 14:51:13 App\Jobs\ImportCsv ............................. RUNNING
  2024-02-18 14:51:14 App\Jobs\ImportCsv ............................. 5s DONE
  2024-02-18 14:51:14 App\Jobs\ImportCsv ............................. 6s DONE
  2024-02-18 14:51:14 App\Jobs\ImportCsv  2024-02-18 14:51:14 App\Jobs\ImportCsv ............................. RUNNING
 ............................. RUNNING
  2024-02-18 14:51:14 App\Jobs\ImportCsv ............................. 5s DONE
  2024-02-18 14:51:14 App\Jobs\ImportCsv ............................. RUNNING
  2024-02-18 14:51:16 App\Jobs\ImportCsv ............................. 5s DONE
  2024-02-18 14:51:16 App\Jobs\ImportCsv ............................. RUNNING
  2024-02-18 14:51:17 App\Jobs\ImportCsv ............................. 4s DONE
  2024-02-18 14:51:17 App\Jobs\ImportCsv ............................. RUNNING
  2024-02-18 14:51:17 App\Jobs\ImportCsv ............................. 4s DONE
  2024-02-18 14:51:17 App\Jobs\ImportCsv ............................. RUNNING
  2024-02-18 14:51:18 App\Jobs\ImportCsv ............................. 4s DONE
  2024-02-18 14:51:18 App\Jobs\ImportCsv  2024-02-18 14:51:18 App\Jobs\ImportCsv ............................. 4s DONE
 ............................. RUNNING
  2024-02-18 14:51:18 App\Jobs\ImportCsv ............................. RUNNING
  2024-02-18 14:51:19 App\Jobs\ImportCsv ............................. 4s DONE
  2024-02-18 14:51:19 App\Jobs\ImportCsv  2024-02-18 14:51:19 App\Jobs\ImportCsv ............................. 4s DONE
 ............................. RUNNING
  2024-02-18 14:51:19 App\Jobs\ImportCsv ............................. RUNNING
  2024-02-18 14:51:19 App\Jobs\ImportCsv ............................. 5s DONE
  2024-02-18 14:51:19 App\Jobs\ImportCsv ............................. RUNNING
  2024-02-18 14:51:21 App\Jobs\ImportCsv ............................. 5s DONE
  2024-02-18 14:51:21 App\Jobs\ImportCsv ............................. RUNNING
  2024-02-18 14:51:23 App\Jobs\ImportCsv ............................. 5s DONE
  2024-02-18 14:51:23 App\Jobs\ImportCsv ............................. RUNNING
  2024-02-18 14:51:23 App\Jobs\ImportCsv ............................. 5s DONE
  2024-02-18 14:51:23 App\Jobs\ImportCsv ............................. RUNNING
  2024-02-18 14:51:23 App\Jobs\ImportCsv ............................. 5s DONE
  2024-02-18 14:51:24 App\Jobs\ImportCsv ............................. RUNNING
  2024-02-18 14:51:24 App\Jobs\ImportCsv ............................. 5s DONE
  2024-02-18 14:51:24 App\Jobs\ImportCsv ............................. RUNNING
  2024-02-18 14:51:25 App\Jobs\ImportCsv ............................. 6s DONE
  2024-02-18 14:51:25 App\Jobs\ImportCsv ............................. RUNNING
  2024-02-18 14:51:25 App\Jobs\ImportCsv ............................. 6s DONE
  2024-02-18 14:51:25 App\Jobs\ImportCsv ............................. RUNNING
  2024-02-18 14:51:25 App\Jobs\ImportCsv ............................. 6s DONE
  2024-02-18 14:51:25 App\Jobs\ImportCsv ............................. RUNNING
  2024-02-18 14:51:29 App\Jobs\ImportCsv ............................. 7s DONE
  2024-02-18 14:51:29 App\Jobs\ImportCsv ............................. RUNNING
  2024-02-18 14:51:30 App\Jobs\ImportCsv ............................. 7s DONE
  2024-02-18 14:51:30 App\Jobs\ImportCsv ............................. RUNNING
  2024-02-18 14:51:30 App\Jobs\ImportCsv ............................. 7s DONE
  2024-02-18 14:51:31 App\Jobs\ImportCsv ............................. RUNNING
  2024-02-18 14:51:33 App\Jobs\ImportCsv ............................. 9s FAIL
  2024-02-18 14:51:33 App\Jobs\ImportCsv ............................. RUNNING
  2024-02-18 14:51:33 App\Jobs\ImportCsv ............................. 9s FAIL
  2024-02-18 14:51:33 App\Jobs\ImportCsv ............................. RUNNING
  2024-02-18 14:51:34 App\Jobs\ImportCsv ............................. 9s FAIL
  2024-02-18 14:51:35 App\Jobs\ImportCsv ............................. RUNNING
  2024-02-18 14:51:35 App\Jobs\ImportCsv ............................. 9s FAIL
  2024-02-18 14:51:35 App\Jobs\ImportCsv ............................. RUNNING
  2024-02-18 14:51:36 App\Jobs\ImportCsv ............................ 10s FAIL
  2024-02-18 14:51:37 App\Jobs\ImportCsv ............................. RUNNING
  2024-02-18 14:51:43 App\Jobs\ImportCsv ............................ 13s FAIL
  2024-02-18 14:51:43 App\Jobs\ImportCsv ............................. RUNNING
  2024-02-18 14:51:45 App\Jobs\ImportCsv ............................ 14s FAIL
  2024-02-18 14:51:45 App\Jobs\ImportCsv  2024-02-18 14:51:45 App\Jobs\ImportCsv ............................. RUNNING
 ............................ 14s FAIL
  2024-02-18 14:51:46 App\Jobs\ImportCsv ............................. RUNNING
  2024-02-18 14:51:47 App\Jobs\ImportCsv ............................ 14s FAIL
  2024-02-18 14:51:47 App\Jobs\ImportCsv ............................. RUNNING
  2024-02-18 14:51:47 App\Jobs\ImportCsv ............................ 14s FAIL
  2024-02-18 14:51:48 App\Jobs\ImportCsv ............................. RUNNING
  2024-02-18 14:51:51 App\Jobs\ImportCsv ............................ 15s FAIL
  2024-02-18 14:51:51 App\Jobs\ImportCsv  2024-02-18 14:51:51 App\Jobs\ImportCsv ............................. RUNNING
 ............................ 15s FAIL
  2024-02-18 14:51:51 App\Jobs\ImportCsv ............................. RUNNING
  2024-02-18 14:51:52 App\Jobs\ImportCsv ............................ 15s FAIL
  2024-02-18 14:51:53 App\Jobs\ImportCsv ............................. RUNNING
  2024-02-18 14:51:58 App\Jobs\ImportCsv ............................ 14s FAIL
  2024-02-18 14:51:58 App\Jobs\ImportCsv ............................. RUNNING
  2024-02-18 14:52:01 App\Jobs\ImportCsv ............................ 15s FAIL
  2024-02-18 14:52:01 App\Jobs\ImportCsv ............................. RUNNING
  2024-02-18 14:52:01 App\Jobs\ImportCsv ............................ 15s FAIL
  2024-02-18 14:52:02 App\Jobs\ImportCsv ............................. RUNNING
  2024-02-18 14:52:02 App\Jobs\ImportCsv ............................ 14s FAIL
  2024-02-18 14:52:02 App\Jobs\ImportCsv ............................ 13s FAIL
  2024-02-18 14:52:02 App\Jobs\ImportCsv ............................. RUNNING
  2024-02-18 14:52:03 App\Jobs\ImportCsv ............................. RUNNING
  2024-02-18 14:52:04 App\Jobs\ImportCsv ............................ 12s FAIL
  2024-02-18 14:52:05 App\Jobs\ImportCsv ............................. RUNNING
  2024-02-18 14:52:05 App\Jobs\ImportCsv ............................ 13s FAIL
  2024-02-18 14:52:05 App\Jobs\ImportCsv ............................. RUNNING
  2024-02-18 14:52:06 App\Jobs\ImportCsv ............................ 12s FAIL
  2024-02-18 14:52:06 App\Jobs\ImportCsv ............................. RUNNING
